<?xml version="1.0" encoding="UTF-8"?>
<testng-results ignored="0" total="1" passed="1" failed="0" skipped="0">
  <reporter-output>
  </reporter-output>
  <suite started-at="2024-08-12T18:26:18Z" name="Suite" finished-at="2024-08-12T18:26:39Z" duration-ms="20627">
    <groups>
    </groups>
    <test started-at="2024-08-12T18:26:18Z" name="Test" finished-at="2024-08-12T18:26:39Z" duration-ms="20627">
      <class name="testcases.CromaSearchTest">
        <test-method is-config="true" signature="setUpExtent()[pri:0, instance:testcases.CromaSearchTest@532721fd]" started-at="2024-08-12T18:26:18Z" name="setUpExtent" finished-at="2024-08-12T18:26:18Z" duration-ms="10" status="PASS">
          <reporter-output>
          </reporter-output>
        </test-method> <!-- setUpExtent -->
        <test-method is-config="true" signature="setUp()[pri:0, instance:testcases.CromaSearchTest@532721fd]" started-at="2024-08-12T18:26:18Z" name="setUp" finished-at="2024-08-12T18:26:31Z" duration-ms="13017" status="PASS">
          <reporter-output>
          </reporter-output>
        </test-method> <!-- setUp -->
        <test-method signature="search(java.lang.String)[pri:0, instance:testcases.CromaSearchTest@532721fd]" started-at="2024-08-12T18:26:33Z" name="search" data-provider="excelDataProvider" finished-at="2024-08-12T18:26:39Z" duration-ms="5911" status="PASS">
          <params>
            <param index="0">
              <value>
                <![CDATA[refrigirator]]>
              </value>
            </param>
          </params>
          <reporter-output>
          </reporter-output>
        </test-method> <!-- search -->
        <test-method is-config="true" signature="tearDown()[pri:0, instance:testcases.CromaSearchTest@532721fd]" started-at="2024-08-12T18:26:39Z" name="tearDown" finished-at="2024-08-12T18:26:39Z" duration-ms="303" status="PASS">
          <reporter-output>
          </reporter-output>
        </test-method> <!-- tearDown -->
        <test-method is-config="true" signature="tearDownExtent()[pri:0, instance:testcases.CromaSearchTest@532721fd]" started-at="2024-08-12T18:26:40Z" name="tearDownExtent" finished-at="2024-08-12T18:26:40Z" duration-ms="99" status="PASS">
          <reporter-output>
          </reporter-output>
        </test-method> <!-- tearDownExtent -->
      </class> <!-- testcases.CromaSearchTest -->
    </test> <!-- Test -->
  </suite> <!-- Suite -->
</testng-results>
