<?xml version="1.0" encoding="UTF-8"?>
<testng-results ignored="0" total="1" passed="1" failed="0" skipped="0">
  <reporter-output>
  </reporter-output>
  <suite started-at="2024-07-28T18:15:10Z" name="Default suite" finished-at="2024-07-28T18:15:12Z" duration-ms="1983">
    <groups>
    </groups>
    <test started-at="2024-07-28T18:15:10Z" name="Default test" finished-at="2024-07-28T18:15:12Z" duration-ms="1983">
      <class name="resources.ReadExcel">
        <test-method signature="getData()[pri:0, instance:resources.ReadExcel@183ec003]" started-at="2024-07-28T18:15:10Z" name="getData" finished-at="2024-07-28T18:15:12Z" duration-ms="1938" status="PASS">
          <reporter-output>
          </reporter-output>
        </test-method> <!-- getData -->
      </class> <!-- resources.ReadExcel -->
    </test> <!-- Default test -->
  </suite> <!-- Default suite -->
</testng-results>
